0 info it worked if it ends with ok
1 verbose cli [ '/usr/bin/node', '/usr/bin/npm', 'run', 'build' ]
2 info using npm@3.5.2
3 info using node@v8.10.0
4 verbose run-script [ 'prebuild', 'build', 'postbuild' ]
5 info lifecycle django-react-boilerplate@0.3.0~prebuild: django-react-boilerplate@0.3.0
6 silly lifecycle django-react-boilerplate@0.3.0~prebuild: no script for prebuild, continuing
7 info lifecycle django-react-boilerplate@0.3.0~build: django-react-boilerplate@0.3.0
8 verbose lifecycle django-react-boilerplate@0.3.0~build: unsafe-perm in lifecycle true
9 verbose lifecycle django-react-boilerplate@0.3.0~build: PATH: /usr/share/npm/bin/node-gyp-bin:/mnt/c/js/django-egalerim/node_modules/.bin:/home/mali/.vscode-server/bin/f359dd69833dd8800b54d458f6d37ab7c78df520/bin:/home/mali/.local/bin:/usr/local/sbin:/usr/local/bin:/usr/sbin:/usr/bin:/sbin:/bin:/usr/games:/usr/local/games:/mnt/c/WINDOWS/system32:/mnt/c/WINDOWS:/mnt/c/WINDOWS/System32/Wbem:/mnt/c/WINDOWS/System32/WindowsPowerShell/v1.0/:/mnt/c/Program Files/Microsoft/Web Platform Installer/:/mnt/c/Program Files/Microsoft SQL Server/Client SDK/ODBC/130/Tools/Binn/:/mnt/c/Program Files (x86)/Microsoft SQL Server/140/Tools/Binn/:/mnt/c/Program Files/Microsoft SQL Server/140/Tools/Binn/:/mnt/c/Program Files/Microsoft SQL Server/140/DTS/Binn/:/mnt/c/Program Files (x86)/Microsoft SQL Server/150/DTS/Binn/:/mnt/c/Program Files/dotnet/:/mnt/c/Program Files/Microsoft SQL Server/130/Tools/Binn/:/mnt/c/Program Files/Microsoft SQL Server/Client SDK/ODBC/170/Tools/Binn/:/mnt/c/Program Files/Git/cmd:/mnt/c/Program Files/nodejs/:/mnt/c/WINDOWS/System32/OpenSSH/:/mnt/c/Users/malin/AppData/Local/Programs/Python/Python37/Scripts/:/mnt/c/Users/malin/AppData/Local/Programs/Python/Python37/:/mnt/c/Users/malin/AppData/Local/Microsoft/WindowsApps:/mnt/c/Users/malin/AppData/Local/Programs/Microsoft VS Code/bin:/mnt/c/Users/malin/AppData/Roaming/npm:/snap/bin
10 verbose lifecycle django-react-boilerplate@0.3.0~build: CWD: /mnt/c/js/django-egalerim
11 silly lifecycle django-react-boilerplate@0.3.0~build: Args: [ '-c', 'react-scripts build' ]
12 silly lifecycle django-react-boilerplate@0.3.0~build: Returned: code: 1  signal: null
13 info lifecycle django-react-boilerplate@0.3.0~build: Failed to exec build script
14 verbose stack Error: django-react-boilerplate@0.3.0 build: `react-scripts build`
14 verbose stack Exit status 1
14 verbose stack     at EventEmitter.<anonymous> (/usr/share/npm/lib/utils/lifecycle.js:232:16)
14 verbose stack     at emitTwo (events.js:126:13)
14 verbose stack     at EventEmitter.emit (events.js:214:7)
14 verbose stack     at ChildProcess.<anonymous> (/usr/share/npm/lib/utils/spawn.js:24:14)
14 verbose stack     at emitTwo (events.js:126:13)
14 verbose stack     at ChildProcess.emit (events.js:214:7)
14 verbose stack     at maybeClose (internal/child_process.js:925:16)
14 verbose stack     at Process.ChildProcess._handle.onexit (internal/child_process.js:209:5)
15 verbose pkgid django-react-boilerplate@0.3.0
16 verbose cwd /mnt/c/js/django-egalerim
17 error Linux 4.4.0-18362-Microsoft
18 error argv "/usr/bin/node" "/usr/bin/npm" "run" "build"
19 error node v8.10.0
20 error npm  v3.5.2
21 error code ELIFECYCLE
22 error django-react-boilerplate@0.3.0 build: `react-scripts build`
22 error Exit status 1
23 error Failed at the django-react-boilerplate@0.3.0 build script 'react-scripts build'.
23 error Make sure you have the latest version of node.js and npm installed.
23 error If you do, this is most likely a problem with the django-react-boilerplate package,
23 error not with npm itself.
23 error Tell the author that this fails on your system:
23 error     react-scripts build
23 error You can get information on how to open an issue for this project with:
23 error     npm bugs django-react-boilerplate
23 error Or if that isn't available, you can get their info via:
23 error     npm owner ls django-react-boilerplate
23 error There is likely additional logging output above.
24 verbose exit [ 1, true ]
